<?xml version="1.0" encoding="UTF-8"?>
<testng-results skipped="0" failed="0" ignored="0" total="2" passed="2">
  <reporter-output>
  </reporter-output>
  <suite name="Suite" duration-ms="35590" started-at="2020-01-14T20:46:21 EST" finished-at="2020-01-14T20:46:57 EST">
    <groups>
    </groups>
    <test name="Test" duration-ms="19052" started-at="2020-01-14T20:46:21 EST" finished-at="2020-01-14T20:46:40 EST">
      <class name="E2ETestCases.HomePage">
        <test-method status="PASS" signature="openUrl()[pri:0, instance:E2ETestCases.HomePage@69453e37]" name="openUrl" is-config="true" duration-ms="14846" started-at="2020-01-14T20:46:21 EST" finished-at="2020-01-14T20:46:36 EST">
          <reporter-output>
          </reporter-output>
        </test-method> <!-- openUrl -->
        <test-method status="PASS" signature="loginClick()[pri:0, instance:E2ETestCases.HomePage@69453e37]" name="loginClick" duration-ms="3720" started-at="2020-01-14T20:46:36 EST" finished-at="2020-01-14T20:46:40 EST">
          <reporter-output>
          </reporter-output>
        </test-method> <!-- loginClick -->
        <test-method status="PASS" signature="CloseBrowser()[pri:0, instance:E2ETestCases.HomePage@69453e37]" name="CloseBrowser" is-config="true" duration-ms="84" started-at="2020-01-14T20:46:40 EST" finished-at="2020-01-14T20:46:40 EST">
          <reporter-output>
          </reporter-output>
        </test-method> <!-- CloseBrowser -->
      </class> <!-- E2ETestCases.HomePage -->
    </test> <!-- Test -->
    <test name="Test1" duration-ms="16511" started-at="2020-01-14T20:46:40 EST" finished-at="2020-01-14T20:46:57 EST">
      <class name="E2ETestCases.ruff">
        <test-method status="PASS" signature="setup()[pri:0, instance:E2ETestCases.ruff@8c3b9d]" name="setup" is-config="true" duration-ms="68" started-at="2020-01-14T20:46:21 EST" finished-at="2020-01-14T20:46:21 EST">
          <reporter-output>
          </reporter-output>
        </test-method> <!-- setup -->
        <test-method status="PASS" signature="openUrl()[pri:0, instance:E2ETestCases.ruff@8c3b9d]" name="openUrl" is-config="true" duration-ms="15095" started-at="2020-01-14T20:46:40 EST" finished-at="2020-01-14T20:46:55 EST">
          <reporter-output>
          </reporter-output>
        </test-method> <!-- openUrl -->
        <test-method status="PASS" signature="ShowName()[pri:0, instance:E2ETestCases.ruff@8c3b9d]" name="ShowName" duration-ms="680" started-at="2020-01-14T20:46:55 EST" finished-at="2020-01-14T20:46:56 EST">
          <reporter-output>
          </reporter-output>
        </test-method> <!-- ShowName -->
        <test-method status="PASS" signature="CloseBrowser()[pri:0, instance:E2ETestCases.ruff@8c3b9d]" name="CloseBrowser" is-config="true" duration-ms="98" started-at="2020-01-14T20:46:56 EST" finished-at="2020-01-14T20:46:57 EST">
          <reporter-output>
          </reporter-output>
        </test-method> <!-- CloseBrowser -->
      </class> <!-- E2ETestCases.ruff -->
    </test> <!-- Test1 -->
  </suite> <!-- Suite -->
</testng-results>
